[02:05:16.037] [INFO   ] thread main starting.
[02:05:16.051] [SEVERE ] cannot read configuration file config.properties trying from resources.
[02:05:16.059] [SEVERE ] configuration file was loaded from resources directory.
[02:05:17.285] [INFO   ] thread dealer starting.
[02:05:17.290] [INFO   ] thread dealer starting.
[02:05:17.290] [INFO   ] thread i starting.
[02:05:17.295] [INFO   ] thread i starting.
[02:05:28.446] [SEVERE ] placing card 0 in slot 0
[02:05:32.201] [SEVERE ] placing card 1 in slot 1
[02:05:32.306] [SEVERE ] placing card 2 in slot 2
[02:05:32.409] [SEVERE ] placing card 3 in slot 3
[02:05:32.512] [SEVERE ] placing card 4 in slot 4
[02:05:32.615] [SEVERE ] placing card 5 in slot 5
[02:05:32.716] [SEVERE ] placing card 6 in slot 6
[02:05:32.818] [SEVERE ] placing card 7 in slot 7
[02:05:32.920] [SEVERE ] placing card 8 in slot 8
[02:05:33.022] [SEVERE ] placing card 9 in slot 9
[02:05:33.124] [SEVERE ] placing card 10 in slot 10
[02:05:33.227] [SEVERE ] placing card 11 in slot 11
[02:05:44.235] [INFO   ] thread dealer terminated.
[02:05:49.233] [SEVERE ] thanks for playing... it was fun!
[02:05:49.234] [INFO   ] thread main terminated.
[02:05:49.235] [SEVERE ] disposing of user interface elements
