[02:20:25.569] [INFO   ] thread main starting.
[02:20:25.581] [SEVERE ] cannot read configuration file config.properties trying from resources.
[02:20:25.589] [SEVERE ] configuration file was loaded from resources directory.
[02:20:26.732] [INFO   ] thread dealer starting.
[02:20:26.733] [INFO   ] thread dealer starting.
[02:20:26.734] [INFO   ] thread i starting.
[02:20:26.735] [INFO   ] thread i starting.
[02:20:26.735] [INFO   ] thread i starting.
[02:20:26.735] [INFO   ] thread i starting.
[02:20:26.840] [SEVERE ] placing card 0 in slot 0
[02:20:26.941] [SEVERE ] placing card 1 in slot 1
[02:20:27.042] [SEVERE ] placing card 2 in slot 2
[02:20:27.143] [SEVERE ] placing card 3 in slot 3
[02:20:27.244] [SEVERE ] placing card 4 in slot 4
[02:20:27.345] [SEVERE ] placing card 5 in slot 5
[02:20:27.446] [SEVERE ] placing card 6 in slot 6
[02:20:27.547] [SEVERE ] placing card 7 in slot 7
[02:20:27.648] [SEVERE ] placing card 8 in slot 8
[02:20:27.779] [SEVERE ] placing card 9 in slot 9
[02:20:27.880] [SEVERE ] placing card 10 in slot 10
[02:20:27.981] [SEVERE ] placing card 11 in slot 11
[02:20:29.664] [SEVERE ] key 83 was pressed by player 1
[02:20:29.665] [SEVERE ] player 1 placing token on slot 5
[02:20:32.039] [SEVERE ] key 65 was pressed by player 1
[02:20:32.040] [SEVERE ] player 1 placing token on slot 4
[02:20:35.078] [SEVERE ] key 88 was pressed by player 1
[02:20:35.078] [SEVERE ] player 1 placing token on slot 9
[02:20:37.337] [SEVERE ] key 76 was pressed by player 2
[02:20:37.338] [SEVERE ] player 2 placing token on slot 6
[02:20:38.321] [SEVERE ] key 59 was pressed by player 2
[02:20:38.322] [SEVERE ] player 2 placing token on slot 7
[02:20:40.032] [SEVERE ] key 46 was pressed by player 2
[02:20:40.033] [SEVERE ] player 2 placing token on slot 10
[02:20:42.007] [SEVERE ] key 79 was pressed by player 2
[02:20:43.576] [SEVERE ] key 80 was pressed by player 2
[02:20:45.301] [SEVERE ] key 46 was pressed by player 2
[02:20:47.539] [SEVERE ] key 69 was pressed by player 1
[02:20:48.952] [SEVERE ] key 87 was pressed by player 1
[02:20:49.639] [SEVERE ] key 90 was pressed by player 1
[02:20:49.992] [SEVERE ] key 88 was pressed by player 1
[02:20:50.536] [SEVERE ] key 67 was pressed by player 1
[02:20:56.672] [SEVERE ] key 83 was pressed by player 1
[02:20:56.877] [SEVERE ] key 83 was pressed by player 1
[02:20:57.030] [SEVERE ] key 83 was pressed by player 1
[02:22:36.968] [SEVERE ] exit button pressed
