[02:18:25.299] [INFO   ] thread main starting.
[02:18:25.313] [SEVERE ] cannot read configuration file config.properties trying from resources.
[02:18:25.321] [SEVERE ] configuration file was loaded from resources directory.
[02:18:26.623] [INFO   ] thread dealer starting.
[02:18:26.630] [INFO   ] thread dealer starting.
[02:18:26.635] [INFO   ] thread i starting.
[02:18:26.639] [INFO   ] thread i starting.
[02:18:26.639] [INFO   ] thread i starting.
[02:18:26.640] [INFO   ] thread i starting.
[02:18:26.748] [SEVERE ] placing card 0 in slot 0
[02:18:26.849] [SEVERE ] placing card 1 in slot 1
[02:18:26.950] [SEVERE ] placing card 2 in slot 2
[02:18:27.051] [SEVERE ] placing card 3 in slot 3
[02:18:27.152] [SEVERE ] placing card 4 in slot 4
[02:18:27.253] [SEVERE ] placing card 5 in slot 5
[02:18:27.354] [SEVERE ] placing card 6 in slot 6
[02:18:27.455] [SEVERE ] placing card 7 in slot 7
[02:18:27.555] [SEVERE ] placing card 8 in slot 8
[02:18:27.656] [SEVERE ] placing card 9 in slot 9
[02:18:27.757] [SEVERE ] placing card 10 in slot 10
[02:18:27.858] [SEVERE ] placing card 11 in slot 11
[02:18:29.612] [SEVERE ] key 59 was pressed by player 2
[02:18:29.613] [SEVERE ] player 2 placing token on slot 7
[02:18:32.138] [SEVERE ] key 76 was pressed by player 2
[02:18:32.139] [SEVERE ] player 2 placing token on slot 6
[02:18:35.830] [SEVERE ] key 83 was pressed by player 1
[02:18:35.831] [SEVERE ] player 1 placing token on slot 5
[02:18:37.360] [SEVERE ] key 83 was pressed by player 1
[02:18:37.361] [SEVERE ] player 1 placing token on slot 5
[02:18:40.235] [SEVERE ] key 83 was pressed by player 1
[02:18:40.235] [SEVERE ] player 1 placing token on slot 5
[02:18:42.941] [SEVERE ] key 68 was pressed by player 1
[02:18:45.079] [SEVERE ] key 88 was pressed by player 1
[02:18:45.951] [SEVERE ] key 67 was pressed by player 1
[02:18:47.398] [SEVERE ] key 69 was pressed by player 1
[02:18:47.849] [SEVERE ] key 82 was pressed by player 1
[02:18:48.398] [SEVERE ] key 87 was pressed by player 1
[02:18:57.376] [SEVERE ] exit button pressed
