[02:06:37.306] [INFO   ] thread main starting.
[02:06:37.321] [SEVERE ] cannot read configuration file config.properties trying from resources.
[02:06:37.327] [SEVERE ] configuration file was loaded from resources directory.
[02:06:38.657] [INFO   ] thread dealer starting.
[02:06:38.658] [INFO   ] thread dealer starting.
[02:06:54.730] [INFO   ] thread i starting.
[02:07:19.307] [INFO   ] thread i starting.
[02:07:26.484] [SEVERE ] placing card 0 in slot 0
[02:07:26.587] [SEVERE ] placing card 1 in slot 1
[02:07:26.695] [SEVERE ] placing card 2 in slot 2
[02:07:26.803] [SEVERE ] placing card 3 in slot 3
[02:07:26.907] [SEVERE ] placing card 4 in slot 4
[02:07:27.010] [SEVERE ] placing card 5 in slot 5
[02:07:27.116] [SEVERE ] placing card 6 in slot 6
[02:07:27.220] [SEVERE ] placing card 7 in slot 7
[02:07:27.327] [SEVERE ] placing card 8 in slot 8
[02:07:27.434] [SEVERE ] placing card 9 in slot 9
[02:07:27.540] [SEVERE ] placing card 10 in slot 10
[02:07:27.647] [SEVERE ] placing card 11 in slot 11
[02:14:46.220] [INFO   ] thread dealer terminated.
[02:14:51.221] [SEVERE ] thanks for playing... it was fun!
[02:14:51.223] [INFO   ] thread main terminated.
[02:14:51.224] [SEVERE ] disposing of user interface elements
