[01:03:18.966] [INFO   ] thread main starting.
[01:03:19.041] [SEVERE ] cannot read configuration file config.properties trying from resources.
[01:03:19.055] [SEVERE ] configuration file was loaded from resources directory.
[01:03:21.058] [INFO   ] thread dealer starting.
[01:03:21.090] [INFO   ] thread dealer starting.
[01:03:21.249] [INFO   ] thread dealer terminated.
[01:03:21.258] [SEVERE ] thanks for playing... it was fun!
[01:03:21.259] [INFO   ] thread main terminated.
[01:03:34.490] [SEVERE ] key 59 was pressed by player 2
[01:03:37.586] [SEVERE ] key 80 was pressed by player 2
[01:03:38.272] [SEVERE ] key 79 was pressed by player 2
[01:03:40.027] [SEVERE ] key 73 was pressed by player 2
[01:03:41.397] [SEVERE ] key 87 was pressed by player 1
[01:03:41.652] [SEVERE ] key 81 was pressed by player 1
[01:03:41.839] [SEVERE ] key 87 was pressed by player 1
[01:03:41.917] [SEVERE ] key 69 was pressed by player 1
[01:03:42.416] [SEVERE ] key 65 was pressed by player 1
[01:03:42.574] [SEVERE ] key 68 was pressed by player 1
[01:03:42.678] [SEVERE ] key 83 was pressed by player 1
[01:03:42.721] [SEVERE ] key 65 was pressed by player 1
[01:03:43.179] [SEVERE ] key 90 was pressed by player 1
[01:03:43.313] [SEVERE ] key 67 was pressed by player 1
[01:03:43.440] [SEVERE ] key 90 was pressed by player 1
[01:03:43.580] [SEVERE ] key 67 was pressed by player 1
[01:03:43.681] [SEVERE ] key 90 was pressed by player 1
[01:03:43.776] [SEVERE ] key 88 was pressed by player 1
[01:03:44.202] [SEVERE ] key 88 was pressed by player 1
[01:03:44.354] [SEVERE ] key 88 was pressed by player 1
[01:03:44.501] [SEVERE ] key 88 was pressed by player 1
[01:03:44.644] [SEVERE ] key 88 was pressed by player 1
[01:03:44.776] [SEVERE ] key 88 was pressed by player 1
[01:03:45.099] [SEVERE ] key 88 was pressed by player 1
[01:03:45.256] [SEVERE ] key 88 was pressed by player 1
[01:03:45.391] [SEVERE ] key 88 was pressed by player 1
[01:03:45.521] [SEVERE ] key 88 was pressed by player 1
[01:03:45.659] [SEVERE ] key 88 was pressed by player 1
[01:03:45.805] [SEVERE ] key 88 was pressed by player 1
[01:03:45.953] [SEVERE ] key 88 was pressed by player 1
[01:03:46.077] [SEVERE ] key 88 was pressed by player 1
[01:03:46.218] [SEVERE ] key 88 was pressed by player 1
[01:03:46.360] [SEVERE ] key 88 was pressed by player 1
[01:03:46.649] [SEVERE ] key 88 was pressed by player 1
[01:03:46.795] [SEVERE ] key 88 was pressed by player 1
[01:03:46.953] [SEVERE ] key 88 was pressed by player 1
[01:03:47.089] [SEVERE ] key 88 was pressed by player 1
[01:03:49.408] [SEVERE ] exit button pressed
