[01:58:41.958] [INFO   ] thread main starting.
[01:58:41.975] [SEVERE ] cannot read configuration file config.properties trying from resources.
[01:58:41.980] [SEVERE ] configuration file was loaded from resources directory.
[01:58:43.131] [INFO   ] thread dealer starting.
[01:58:43.132] [INFO   ] thread dealer starting.
[01:58:43.133] [INFO   ] thread i starting.
[01:58:43.135] [INFO   ] thread i starting.
[01:58:43.241] [SEVERE ] placing card 0 in slot 0
[01:58:43.342] [SEVERE ] placing card 1 in slot 1
[01:58:43.446] [SEVERE ] placing card 2 in slot 2
[01:58:43.547] [SEVERE ] placing card 3 in slot 3
[01:58:43.649] [SEVERE ] placing card 4 in slot 4
[01:58:43.750] [SEVERE ] placing card 5 in slot 5
[01:58:43.851] [SEVERE ] placing card 6 in slot 6
[01:58:43.953] [SEVERE ] placing card 7 in slot 7
[01:58:44.054] [SEVERE ] placing card 8 in slot 8
[01:58:44.156] [SEVERE ] placing card 9 in slot 9
[01:58:44.258] [SEVERE ] placing card 10 in slot 10
[01:58:44.360] [SEVERE ] placing card 11 in slot 11
[01:58:46.168] [INFO   ] thread dealer terminated.
[01:58:46.169] [SEVERE ] thanks for playing... it was fun!
[01:58:46.169] [INFO   ] thread main terminated.
[01:58:48.043] [SEVERE ] key 59 was pressed by player 2
[01:58:48.834] [SEVERE ] key 76 was pressed by player 2
[01:58:49.321] [SEVERE ] key 75 was pressed by player 2
[01:58:49.515] [SEVERE ] key 76 was pressed by player 2
[01:58:49.612] [SEVERE ] key 59 was pressed by player 2
[01:58:50.024] [SEVERE ] key 80 was pressed by player 2
[01:58:50.060] [SEVERE ] key 79 was pressed by player 2
[01:59:30.556] [SEVERE ] key 59 was pressed by player 2
[01:59:30.808] [SEVERE ] key 76 was pressed by player 2
[01:59:31.239] [SEVERE ] key 59 was pressed by player 2
[01:59:31.346] [SEVERE ] key 76 was pressed by player 2
[01:59:32.389] [SEVERE ] key 79 was pressed by player 2
[01:59:32.556] [SEVERE ] key 80 was pressed by player 2
[01:59:32.670] [SEVERE ] key 79 was pressed by player 2
[01:59:33.008] [SEVERE ] key 79 was pressed by player 2
[01:59:33.397] [SEVERE ] key 79 was pressed by player 2
[01:59:33.568] [SEVERE ] key 80 was pressed by player 2
[01:59:33.778] [SEVERE ] key 79 was pressed by player 2
[01:59:33.965] [SEVERE ] key 80 was pressed by player 2
[01:59:34.113] [SEVERE ] key 79 was pressed by player 2
[01:59:34.421] [SEVERE ] key 80 was pressed by player 2
[01:59:53.295] [SEVERE ] exit button pressed
