[02:00:23.812] [INFO   ] thread main starting.
[02:00:23.826] [SEVERE ] cannot read configuration file config.properties trying from resources.
[02:00:23.834] [SEVERE ] configuration file was loaded from resources directory.
[02:00:25.057] [INFO   ] thread dealer starting.
[02:00:25.058] [INFO   ] thread dealer starting.
[02:00:25.058] [INFO   ] thread i starting.
[02:00:25.059] [INFO   ] thread i starting.
[02:00:25.163] [SEVERE ] placing card 0 in slot 0
[02:00:25.265] [SEVERE ] placing card 1 in slot 1
[02:00:25.366] [SEVERE ] placing card 2 in slot 2
[02:00:25.468] [SEVERE ] placing card 3 in slot 3
[02:00:25.569] [SEVERE ] placing card 4 in slot 4
[02:00:25.670] [SEVERE ] placing card 5 in slot 5
[02:00:25.771] [SEVERE ] placing card 6 in slot 6
[02:00:25.872] [SEVERE ] placing card 7 in slot 7
[02:00:25.973] [SEVERE ] placing card 8 in slot 8
[02:00:26.074] [SEVERE ] placing card 9 in slot 9
[02:00:26.175] [SEVERE ] placing card 10 in slot 10
[02:00:26.276] [SEVERE ] placing card 11 in slot 11
[02:00:28.029] [INFO   ] thread dealer terminated.
[02:00:33.030] [SEVERE ] thanks for playing... it was fun!
[02:00:33.031] [INFO   ] thread main terminated.
[02:00:33.032] [SEVERE ] disposing of user interface elements
